<?xml version="1.0" encoding="UTF-8"?>
<testng-results ignored="0" total="1" passed="1" failed="0" skipped="0">
  <reporter-output>
  </reporter-output>
  <suite started-at="2025-10-22T18:03:39 IST" name="Suite" finished-at="2025-10-22T18:03:50 IST" duration-ms="10861">
    <groups>
    </groups>
    <test started-at="2025-10-22T18:03:39 IST" name="Test" finished-at="2025-10-22T18:03:50 IST" duration-ms="10861">
      <class name="TestClass.Project_Script">
        <test-method is-config="true" signature="setupReport()[pri:0, instance:TestClass.Project_Script@c88a337]" started-at="2025-10-22T18:03:39 IST" name="setupReport" finished-at="2025-10-22T18:03:39 IST" duration-ms="290" status="PASS">
          <reporter-output>
          </reporter-output>
        </test-method> <!-- setupReport -->
        <test-method is-config="true" signature="setup()[pri:0, instance:TestClass.Project_Script@c88a337]" started-at="2025-10-22T18:03:39 IST" name="setup" finished-at="2025-10-22T18:03:45 IST" duration-ms="5153" status="PASS">
          <reporter-output>
          </reporter-output>
        </test-method> <!-- setup -->
        <test-method signature="projectmethod()[pri:0, instance:TestClass.Project_Script@c88a337]" started-at="2025-10-22T18:03:45 IST" name="projectmethod" finished-at="2025-10-22T18:03:50 IST" duration-ms="5469" status="PASS">
          <reporter-output>
          </reporter-output>
        </test-method> <!-- projectmethod -->
        <test-method is-config="true" signature="teardown()[pri:0, instance:TestClass.Project_Script@c88a337]" started-at="2025-10-22T18:03:50 IST" name="teardown" finished-at="2025-10-22T18:03:50 IST" duration-ms="215" status="PASS">
          <reporter-output>
          </reporter-output>
        </test-method> <!-- teardown -->
        <test-method is-config="true" signature="tearDownReport()[pri:0, instance:TestClass.Project_Script@c88a337]" started-at="2025-10-22T18:03:50 IST" name="tearDownReport" finished-at="2025-10-22T18:03:51 IST" duration-ms="309" status="PASS">
          <reporter-output>
          </reporter-output>
        </test-method> <!-- tearDownReport -->
      </class> <!-- TestClass.Project_Script -->
    </test> <!-- Test -->
  </suite> <!-- Suite -->
</testng-results>
