<?xml version="1.0" encoding="UTF-8"?>
<!-- Generated by org.testng.reporters.JUnitReportReporter -->
<testsuite hostname="DESKTOP-NQ2L7NS" failures="0" tests="2" name="TestClass.Login_Script" time="26.695" errors="0" timestamp="2025-11-06T16:30:59 IST" skipped="0">
  <testcase classname="TestClass.Login_Script" name="logintest" time="13.787"/>
  <system-out/>
  <testcase classname="TestClass.Login_Script" name="logintest" time="12.908"/>
  <system-out/>
</testsuite> <!-- TestClass.Login_Script -->
